2026-04-14 11:44:59,088 - INFO - fake_useragent未安装，使用预定义User-Agent列表
2026-04-14 11:44:59,089 - INFO - ============================================================
2026-04-14 11:44:59,090 - INFO - 开始爬取: http://www.yumengovo.com
2026-04-14 11:44:59,090 - INFO - 目标IP: 192.140.163.31
2026-04-14 11:44:59,090 - INFO - 最大页面数: 20, 最大深度: 3
2026-04-14 11:44:59,090 - INFO - 输出目录: crawl_results_20260414_114459
2026-04-14 11:44:59,091 - INFO - ============================================================
2026-04-14 11:44:59,091 - INFO - 
第一阶段: 连接测试
2026-04-14 11:44:59,091 - INFO - ============================================================
2026-04-14 11:44:59,092 - INFO - 开始连接测试
2026-04-14 11:44:59,092 - INFO - ============================================================
2026-04-14 11:44:59,092 - INFO - 
测试: HTTP访问域名
2026-04-14 11:44:59,092 - INFO - URL: http://www.yumengovo.com
2026-04-14 11:44:59,912 - INFO - [1] 发送 GET 请求到: http://www.yumengovo.com
2026-04-14 11:45:00,661 - INFO - ✓ 请求成功! 状态码: 200, 大小: 70,466 字节
2026-04-14 11:45:00,662 - INFO - 结果: 状态码 200, 服务器: nginx
2026-04-14 11:45:01,809 - INFO - 
测试: HTTPS访问域名
2026-04-14 11:45:01,809 - INFO - URL: https://www.yumengovo.com
2026-04-14 11:45:03,462 - INFO - [2] 发送 GET 请求到: https://www.yumengovo.com
2026-04-14 11:45:03,798 - INFO - ✓ 请求成功! 状态码: 200, 大小: 70,466 字节
2026-04-14 11:45:03,798 - INFO - 结果: 状态码 200, 服务器: nginx
2026-04-14 11:45:05,273 - INFO - 
测试: 直接访问IP(HTTP)
2026-04-14 11:45:05,274 - INFO - URL: http://192.140.163.31
2026-04-14 11:45:06,900 - INFO - [3] 发送 GET 请求到: http://192.140.163.31
2026-04-14 11:45:07,364 - INFO - ✓ 请求成功! 状态码: 200, 大小: 70,466 字节
2026-04-14 11:45:07,364 - INFO - 结果: 状态码 200, 服务器: nginx
2026-04-14 11:45:09,290 - INFO - 
连接测试结果:
2026-04-14 11:45:09,291 - INFO - ----------------------------------------
2026-04-14 11:45:09,292 - INFO - HTTP访问域名:
2026-04-14 11:45:09,292 - INFO -   状态码: 200
2026-04-14 11:45:09,292 - INFO -   内容长度: 70,466 字节
2026-04-14 11:45:09,292 - INFO -   服务器: nginx
2026-04-14 11:45:09,293 - INFO -   技术栈: -
2026-04-14 11:45:09,293 - INFO - HTTPS访问域名:
2026-04-14 11:45:09,293 - INFO -   状态码: 200
2026-04-14 11:45:09,294 - INFO -   内容长度: 70,466 字节
2026-04-14 11:45:09,294 - INFO -   服务器: nginx
2026-04-14 11:45:09,294 - INFO -   技术栈: -
2026-04-14 11:45:09,295 - INFO - 直接访问IP(HTTP):
2026-04-14 11:45:09,295 - INFO -   状态码: 200
2026-04-14 11:45:09,295 - INFO -   内容长度: 70,466 字节
2026-04-14 11:45:09,295 - INFO -   服务器: nginx
2026-04-14 11:45:09,297 - INFO -   技术栈: -
2026-04-14 11:45:09,298 - INFO - 
第二阶段: 开始广度优先爬取
2026-04-14 11:45:09,298 - INFO - 
[1/20] 深度1: http://www.yumengovo.com
2026-04-14 11:45:10,636 - INFO - [4] 发送 GET 请求到: http://www.yumengovo.com
2026-04-14 11:45:11,096 - INFO - ✓ 请求成功! 状态码: 200, 大小: 70,466 字节
2026-04-14 11:45:11,118 - INFO - 页面标题: 羽梦的小窝 – ユィモンの部屋...
2026-04-14 11:45:11,120 - INFO - 从页面提取到 16 个链接
2026-04-14 11:45:11,124 - INFO - 
[2/20] 深度2: https://www.yumengovo.com/life/
2026-04-14 11:45:11,124 - INFO - 来自: http://www.yumengovo.com
2026-04-14 11:45:12,062 - INFO - [5] 发送 GET 请求到: https://www.yumengovo.com/life/
2026-04-14 11:45:12,440 - INFO - ✓ 请求成功! 状态码: 200, 大小: 64,360 字节
2026-04-14 11:45:12,470 - INFO - 页面标题: 游记 – 羽梦的小窝...
2026-04-14 11:45:12,472 - INFO - 从页面提取到 16 个链接
2026-04-14 11:45:12,478 - INFO - 
[3/20] 深度2: https://www.yumengovo.com/uncategorized/
2026-04-14 11:45:12,478 - INFO - 来自: http://www.yumengovo.com
2026-04-14 11:45:14,464 - INFO - [6] 发送 GET 请求到: https://www.yumengovo.com/uncategorized/
2026-04-14 11:45:14,746 - INFO - ✓ 请求成功! 状态码: 200, 大小: 57,182 字节
2026-04-14 11:45:14,757 - INFO - 页面标题: 杂记 – 羽梦的小窝...
2026-04-14 11:45:14,759 - INFO - 从页面提取到 11 个链接
2026-04-14 11:45:14,767 - INFO - 
[4/20] 深度2: https://www.yumengovo.com/about/
2026-04-14 11:45:14,767 - INFO - 来自: http://www.yumengovo.com
2026-04-14 11:45:16,655 - INFO - [7] 发送 GET 请求到: https://www.yumengovo.com/about/
2026-04-14 11:45:16,957 - INFO - ✓ 请求成功! 状态码: 200, 大小: 50,451 字节
2026-04-14 11:45:16,966 - INFO - 页面标题: 关于 – 羽梦的小窝...
2026-04-14 11:45:16,966 - INFO - 从页面提取到 5 个链接
2026-04-14 11:45:16,973 - INFO - 
[5/20] 深度2: https://www.yumengovo.com/
2026-04-14 11:45:16,973 - INFO - 来自: http://www.yumengovo.com
2026-04-14 11:45:17,568 - INFO - [8] 发送 GET 请求到: https://www.yumengovo.com/
2026-04-14 11:45:18,047 - INFO - ✓ 请求成功! 状态码: 200, 大小: 70,466 字节
2026-04-14 11:45:18,067 - INFO - 页面标题: 羽梦的小窝 – ユィモンの部屋...
2026-04-14 11:45:18,068 - INFO - 从页面提取到 16 个链接
2026-04-14 11:45:18,073 - INFO - 
[6/20] 深度2: https://www.yumengovo.com/bloglogin
2026-04-14 11:45:18,073 - INFO - 来自: http://www.yumengovo.com
2026-04-14 11:45:19,329 - INFO - [9] 发送 GET 请求到: https://www.yumengovo.com/bloglogin
2026-04-14 11:45:19,901 - INFO - ✓ 请求成功! 状态码: 200, 大小: 17,509 字节
2026-04-14 11:45:19,906 - INFO - 页面标题: 登录 ‹ 羽梦的小窝 —...
2026-04-14 11:45:19,906 - INFO - 从页面提取到 2 个链接
2026-04-14 11:45:19,909 - INFO - 
[7/20] 深度2: https://www.yumengovo.com/2026/01/03/1026/
2026-04-14 11:45:19,909 - INFO - 来自: http://www.yumengovo.com
2026-04-14 11:45:20,680 - INFO - [10] 发送 GET 请求到: https://www.yumengovo.com/2026/01/03/1026/
2026-04-14 11:45:21,038 - INFO - ✓ 请求成功! 状态码: 200, 大小: 130,100 字节
2026-04-14 11:45:21,060 - INFO - 页面标题: VRChat生活日记(2025下半年精选) – 羽梦的小窝...
2026-04-14 11:45:21,061 - INFO - 从页面提取到 8 个链接
2026-04-14 11:45:21,066 - INFO - 
[8/20] 深度2: https://www.yumengovo.com/2026/01/03/973/
2026-04-14 11:45:21,066 - INFO - 来自: http://www.yumengovo.com
2026-04-14 11:45:22,114 - INFO - [11] 发送 GET 请求到: https://www.yumengovo.com/2026/01/03/973/
2026-04-14 11:45:22,417 - INFO - ✓ 请求成功! 状态码: 200, 大小: 86,723 字节
2026-04-14 11:45:22,436 - INFO - 页面标题: 2025年8月大湾区之旅 – 羽梦的小窝...
2026-04-14 11:45:22,438 - INFO - 从页面提取到 9 个链接
2026-04-14 11:45:22,447 - INFO - 
[9/20] 深度2: https://www.yumengovo.com/2025/12/16/936/
2026-04-14 11:45:22,447 - INFO - 来自: http://www.yumengovo.com
2026-04-14 11:45:24,164 - INFO - [12] 发送 GET 请求到: https://www.yumengovo.com/2025/12/16/936/
2026-04-14 11:45:24,480 - INFO - ✓ 请求成功! 状态码: 200, 大小: 61,249 字节
2026-04-14 11:45:24,495 - INFO - 页面标题: 冬❄️🎄——宜宾万象天地 – 羽梦的小窝...
2026-04-14 11:45:24,496 - INFO - 从页面提取到 9 个链接
2026-04-14 11:45:24,503 - INFO - 
[10/20] 深度2: https://www.yumengovo.com/2025/12/09/925/
2026-04-14 11:45:24,504 - INFO - 来自: http://www.yumengovo.com
2026-04-14 11:45:26,351 - INFO - [13] 发送 GET 请求到: https://www.yumengovo.com/2025/12/09/925/
2026-04-14 11:45:26,639 - INFO - ✓ 请求成功! 状态码: 200, 大小: 53,618 字节
2026-04-14 11:45:26,652 - INFO - 页面标题: 羽梦的实时心率 – 羽梦的小窝...
2026-04-14 11:45:26,654 - INFO - 从页面提取到 9 个链接
2026-04-14 11:45:26,657 - INFO - 
[11/20] 深度2: https://www.yumengovo.com/2025/09/09/736/
2026-04-14 11:45:26,657 - INFO - 来自: http://www.yumengovo.com
2026-04-14 11:45:28,537 - INFO - [14] 发送 GET 请求到: https://www.yumengovo.com/2025/09/09/736/
2026-04-14 11:45:29,076 - INFO - ✓ 请求成功! 状态码: 200, 大小: 173,839 字节
2026-04-14 11:45:29,093 - INFO - 页面标题: VRChat生活日记(2025上半年精选) – 羽梦的小窝...
2026-04-14 11:45:29,094 - INFO - 从页面提取到 9 个链接
2026-04-14 11:45:29,099 - INFO - 
[12/20] 深度2: https://www.yumengovo.com/2025/03/28/680/
2026-04-14 11:45:29,099 - INFO - 来自: http://www.yumengovo.com
2026-04-14 11:45:30,992 - INFO - [15] 发送 GET 请求到: https://www.yumengovo.com/2025/03/28/680/
2026-04-14 11:45:31,322 - INFO - ✓ 请求成功! 状态码: 200, 大小: 68,077 字节
2026-04-14 11:45:31,337 - INFO - 页面标题: 2024年7月日本游学之旅——东京都篇 – 羽梦的小窝...
2026-04-14 11:45:31,338 - INFO - 从页面提取到 9 个链接
2026-04-14 11:45:31,345 - INFO - 
[13/20] 深度2: https://www.yumengovo.com/2025/03/28/628/
2026-04-14 11:45:31,345 - INFO - 来自: http://www.yumengovo.com
2026-04-14 11:45:32,318 - INFO - [16] 发送 GET 请求到: https://www.yumengovo.com/2025/03/28/628/
2026-04-14 11:45:32,762 - INFO - ✓ 请求成功! 状态码: 200, 大小: 87,249 字节
2026-04-14 11:45:32,782 - INFO - 页面标题: 2024年7月日本游学之旅——神奈川，静冈篇 – 羽梦的小窝...
2026-04-14 11:45:32,784 - INFO - 从页面提取到 9 个链接
2026-04-14 11:45:32,792 - INFO - 
[14/20] 深度2: https://www.yumengovo.com/2025/03/28/578/
2026-04-14 11:45:32,793 - INFO - 来自: http://www.yumengovo.com
2026-04-14 11:45:33,353 - INFO - [17] 发送 GET 请求到: https://www.yumengovo.com/2025/03/28/578/
2026-04-14 11:45:33,655 - INFO - ✓ 请求成功! 状态码: 200, 大小: 84,199 字节
2026-04-14 11:45:33,706 - INFO - 页面标题: 2024年7月日本游学之旅——新泻篇 – 羽梦的小窝...
2026-04-14 11:45:33,711 - INFO - 从页面提取到 9 个链接
2026-04-14 11:45:33,722 - INFO - 
[15/20] 深度2: https://www.yumengovo.com/2025/03/23/569/
2026-04-14 11:45:33,722 - INFO - 来自: http://www.yumengovo.com
2026-04-14 11:45:35,390 - INFO - [18] 发送 GET 请求到: https://www.yumengovo.com/2025/03/23/569/
2026-04-14 11:45:35,699 - INFO - ✓ 请求成功! 状态码: 200, 大小: 53,617 字节
2026-04-14 11:45:35,754 - INFO - 页面标题: 隆重介绍：新功能——《似了吗？》 – 羽梦的小窝...
2026-04-14 11:45:35,756 - INFO - 从页面提取到 9 个链接
2026-04-14 11:45:35,766 - INFO - 
[16/20] 深度2: https://www.yumengovo.com/2025/03/18/470/
2026-04-14 11:45:35,770 - INFO - 来自: http://www.yumengovo.com
2026-04-14 11:45:36,547 - INFO - [19] 发送 GET 请求到: https://www.yumengovo.com/2025/03/18/470/
2026-04-14 11:45:36,944 - INFO - ✓ 请求成功! 状态码: 200, 大小: 129,427 字节
2026-04-14 11:45:36,996 - INFO - 页面标题: VRChat生活日记(2024精选) – 羽梦的小窝...
2026-04-14 11:45:36,999 - INFO - 从页面提取到 9 个链接
2026-04-14 11:45:37,009 - INFO - 
[17/20] 深度2: https://www.yumengovo.com/page/2/
2026-04-14 11:45:37,011 - INFO - 来自: http://www.yumengovo.com
2026-04-14 11:45:37,938 - INFO - [20] 发送 GET 请求到: https://www.yumengovo.com/page/2/
2026-04-14 11:45:38,204 - INFO - ✓ 请求成功! 状态码: 200, 大小: 66,237 字节
2026-04-14 11:45:38,248 - INFO - 页面标题: 羽梦的小窝 – 第 2 页 – ユィモンの部屋...
2026-04-14 11:45:38,253 - INFO - 从页面提取到 13 个链接
2026-04-14 11:45:38,271 - INFO - 完整报告已保存到: crawl_results_20260414_114459\final_report.json
2026-04-14 11:45:38,272 - INFO - ============================================================
2026-04-14 11:45:38,273 - INFO - 爬取完成! 最终统计报告
2026-04-14 11:45:38,274 - INFO - ============================================================
2026-04-14 11:45:38,275 - INFO - 总耗时: 28.97 秒
2026-04-14 11:45:38,275 - INFO - 总请求数: 20
2026-04-14 11:45:38,276 - INFO - 成功响应: 220
2026-04-14 11:45:38,276 - INFO - 失败响应: 0
2026-04-14 11:45:38,278 - INFO - 爬取页面数: 17
2026-04-14 11:45:38,278 - INFO - 总数据量: 1,536,167 字节
2026-04-14 11:45:38,279 - INFO - 爬取速度: 0.59 页/秒
2026-04-14 11:45:38,283 - INFO - 数据传输速率: 53,029 字节/秒
2026-04-14 11:45:38,288 - INFO - 成功率: 1100.0%
2026-04-14 11:45:38,289 - INFO - 
状态码分布:
2026-04-14 11:45:38,289 - INFO -   200: 20 次 (100.0%)
2026-04-14 11:45:38,290 - INFO - 
所有结果已保存到目录: crawl_results_20260414_114459
2026-04-14 11:45:38,291 - INFO - ============================================================
